<?xml version="1.0" encoding="UTF-8"?>
<!-- Generated by org.testng.reporters.JUnitReportReporter -->
<testsuite hostname="LAPTOP-PFU2IK8T" failures="0" tests="15" name="infyniTestAutomation.FooterTestcases" time="57.491" errors="0" timestamp="2023-12-28T13:10:05 EST" skipped="0">
  <testcase classname="infyniTestAutomation.FooterTestcases" name="redirectToAboutUsPage" time="6.206"/>
  <system-out/>
  <testcase classname="infyniTestAutomation.FooterTestcases" name="Contactuslink" time="1.772"/>
  <system-out/>
  <testcase classname="infyniTestAutomation.FooterTestcases" name="validateNewsLink" time="0.345"/>
  <system-out/>
  <testcase classname="infyniTestAutomation.FooterTestcases" name="redirectToFreeWebinarsLink" time="6.912"/>
  <system-out/>
  <testcase classname="infyniTestAutomation.FooterTestcases" name="redirectTOMentorshipShip" time="7.297"/>
  <system-out/>
  <testcase classname="infyniTestAutomation.FooterTestcases" name="validateCareersLink" time="3.658"/>
  <system-out/>
  <testcase classname="infyniTestAutomation.FooterTestcases" name="clickFQAlink" time="5.922"/>
  <system-out/>
  <testcase classname="infyniTestAutomation.FooterTestcases" name="Businesslink" time="5.333"/>
  <system-out/>
  <testcase classname="infyniTestAutomation.FooterTestcases" name="Termslinkclick" time="3.649"/>
  <system-out/>
  <testcase classname="infyniTestAutomation.FooterTestcases" name="redirectToPrivacyPolicyLink" time="1.425"/>
  <system-out/>
  <testcase classname="infyniTestAutomation.FooterTestcases" name="signup_InstrtuctorTest" time="5.292"/>
  <system-out/>
  <testcase classname="infyniTestAutomation.FooterTestcases" name="redirectToBecomeAMentorPage" time="1.841"/>
  <system-out/>
  <testcase classname="infyniTestAutomation.FooterTestcases" name="signup_StudentTest" time="4.049"/>
  <system-out/>
  <testcase classname="infyniTestAutomation.FooterTestcases" name="Contactaddressinfo" time="0.316"/>
  <system-out/>
  <testcase classname="infyniTestAutomation.FooterTestcases" name="blogsLinkVerify" time="3.474"/>
  <system-out/>
</testsuite> <!-- infyniTestAutomation.FooterTestcases -->
