<?xml version="1.0" encoding="UTF-8"?>
<!-- Generated by org.testng.reporters.JUnitReportReporter -->
<testsuite hostname="LAPTOP-PFU2IK8T" failures="0" tests="1" name="infyniTestAutomation.InstructorLoginPageTestCases" time="19.436" errors="0" timestamp="2023-12-28T13:10:05 EST" skipped="0">
  <testcase classname="infyniTestAutomation.InstructorLoginPageTestCases" name="loginAsInstructor" time="19.436"/>
  <system-out/>
</testsuite> <!-- infyniTestAutomation.InstructorLoginPageTestCases -->
