<?xml version="1.0" encoding="UTF-8"?>
<!-- Generated by org.testng.reporters.JUnitReportReporter -->
<testsuite hostname="SamaLaptop23" failures="0" tests="1" name="org.example.InfyniHomePageTestCases" time="1.624" errors="0" timestamp="2023-12-20T12:48:03 EST" skipped="0">
  <testcase classname="org.example.InfyniHomePageTestCases" name="redirectToLoginPage" time="1.624"/>
</testsuite> <!-- org.example.InfyniHomePageTestCases -->
