<?xml version="1.0" encoding="UTF-8"?>
<!-- Generated by org.testng.reporters.JUnitReportReporter -->
<testsuite hostname="LAPTOP-PFU2IK8T" failures="0" tests="1" name="infyniTestAutomation.InfyniHomePageTestCases" time="1.313" errors="0" timestamp="2023-12-28T12:34:07 EST" skipped="0">
  <testcase classname="infyniTestAutomation.InfyniHomePageTestCases" name="redirectToLoginPage" time="1.313"/>
  <system-out/>
</testsuite> <!-- infyniTestAutomation.InfyniHomePageTestCases -->
