<?xml version="1.0" encoding="UTF-8"?>
<!-- Generated by org.testng.reporters.JUnitReportReporter -->
<testsuite hostname="SamaLaptop23" failures="0" tests="1" name="org.example.InstructorLoginPageTestCases" time="30.217" errors="0" timestamp="2023-12-20T12:48:03 EST" skipped="0">
  <testcase classname="org.example.InstructorLoginPageTestCases" name="loginAsInstructor" time="30.217"/>
</testsuite> <!-- org.example.InstructorLoginPageTestCases -->
